<?xml version="1.0" encoding="UTF-8"?>
<!-- Generated by org.testng.reporters.JUnitReportReporter -->
<testsuite hostname="LAPTOP-MSDA3FTK" failures="0" tests="3" name="sampleTestCases.LoginTest" time="0.024" errors="0" timestamp="2022-10-07T13:38:05 IST" skipped="0">
  <testcase classname="sampleTestCases.LoginTest" name="verifyLoginWithNoCredentials" time="0.003"/>
  <system-out/>
  <testcase classname="sampleTestCases.LoginTest" name="verifyLoginWithCredentials" time="0.020"/>
  <system-out/>
  <testcase classname="sampleTestCases.LoginTest" name="verifyLoginWithInvalidCredentials" time="0.001"/>
  <system-out/>
</testsuite> <!-- sampleTestCases.LoginTest -->
