<?xml version="1.0" encoding="UTF-8"?>
<!-- Generated by org.testng.reporters.JUnitReportReporter -->
<testsuite hostname="LAPTOP-MSDA3FTK" failures="0" tests="3" name="sampleTestCases.LoginTest" time="0.009" errors="0" timestamp="2022-10-07T13:17:17 IST" skipped="0">
  <testcase classname="sampleTestCases.LoginTest" name="verifyLoginWithInvalidCredentials" time="0.001"/>
  <system-out/>
  <testcase classname="sampleTestCases.LoginTest" name="verifyLoginWithNoCredentials" time="0.000"/>
  <system-out/>
  <testcase classname="sampleTestCases.LoginTest" name="verifyLoginWithCredentials" time="0.008"/>
  <system-out/>
</testsuite> <!-- sampleTestCases.LoginTest -->
